<?xml version="1.0" encoding="UTF-8"?>
<!-- Generated by org.testng.reporters.JUnitReportReporter -->
<testsuite hostname="LTIN518335" failures="0" tests="4" name="com.urbanladder.runner.UrbanTestRunner" time="84.303" errors="0" timestamp="06 Jun 2024 09:50:51 GMT" skipped="0">
  <testcase classname="com.urbanladder.runner.UrbanTestRunner" name="runScenario" time="26.627"/>
  <testcase classname="com.urbanladder.runner.UrbanTestRunner" name="runScenario" time="23.354"/>
  <testcase classname="com.urbanladder.runner.UrbanTestRunner" name="runScenario" time="11.572"/>
  <testcase classname="com.urbanladder.runner.UrbanTestRunner" name="runScenario" time="22.750"/>
</testsuite> <!-- com.urbanladder.runner.UrbanTestRunner -->
