<?xml version="1.0" encoding="UTF-8"?>
<!-- Generated by org.testng.reporters.JUnitReportReporter -->
<testsuite hostname="LTIN518335" failures="0" tests="4" name="testRunner.UrbanTestRunner" time="133.994" errors="0" timestamp="06 Jun 2024 10:48:15 GMT" skipped="0">
  <testcase classname="testRunner.UrbanTestRunner" name="runScenario" time="50.657"/>
  <testcase classname="testRunner.UrbanTestRunner" name="runScenario" time="49.520"/>
  <testcase classname="testRunner.UrbanTestRunner" name="runScenario" time="10.573"/>
  <testcase classname="testRunner.UrbanTestRunner" name="runScenario" time="23.244"/>
</testsuite> <!-- testRunner.UrbanTestRunner -->
